[debug] [2023-04-01T06:37:54.328Z] ----------------------------------------------------------------------
[debug] [2023-04-01T06:37:54.331Z] Command:       C:\Program Files\nodejs\node.exe C:\Users\abhay\AppData\Roaming\npm\node_modules\firebase-tools\lib\bin\firebase.js init
[debug] [2023-04-01T06:37:54.331Z] CLI Version:   11.25.2
[debug] [2023-04-01T06:37:54.332Z] Platform:      win32
[debug] [2023-04-01T06:37:54.332Z] Node Version:  v18.12.0
[debug] [2023-04-01T06:37:54.333Z] Time:          Sat Apr 01 2023 12:07:54 GMT+0530 (India Standard Time)
[debug] [2023-04-01T06:37:54.333Z] ----------------------------------------------------------------------
[debug] 
[debug] [2023-04-01T06:37:54.343Z] > command requires scopes: ["email","openid","https://www.googleapis.com/auth/cloudplatformprojects.readonly","https://www.googleapis.com/auth/firebase","https://www.googleapis.com/auth/cloud-platform"]
[debug] [2023-04-01T06:37:54.343Z] > authorizing via signed-in user (abhay.tomarleetcode@gmail.com)
[info] 
     ######## #### ########  ######## ########     ###     ######  ########
     ##        ##  ##     ## ##       ##     ##  ##   ##  ##       ##
     ######    ##  ########  ######   ########  #########  ######  ######
     ##        ##  ##    ##  ##       ##     ## ##     ##       ## ##
     ##       #### ##     ## ######## ########  ##     ##  ######  ########

You're about to initialize a Firebase project in this directory:

  D:\Serious Programming\ReactJs\pedro_tech_project\my-app

[info] 
=== Project Setup
[info] 
[info] First, let's associate this project directory with a Firebase project.
[info] You can create multiple project aliases by running firebase use --add, 
[info] but for now we'll just set up a default project.
[info] 
[debug] [2023-04-01T06:38:26.717Z] >>> [apiv2][query] GET https://firebase.googleapis.com/v1beta1/projects pageSize=100
[debug] [2023-04-01T06:38:28.010Z] <<< [apiv2][status] GET https://firebase.googleapis.com/v1beta1/projects 200
[debug] [2023-04-01T06:38:28.011Z] <<< [apiv2][body] GET https://firebase.googleapis.com/v1beta1/projects [omitted]
[info] i  Using project react-social-media-proje-7e8ae (react-social-media-project) 
[info] 
=== Hosting Setup
[info] 
[info] Your public directory is the folder (relative to your project directory) that
[info] will contain Hosting assets to be uploaded with firebase deploy. If you
[info] have a build process for your assets, use your build's output directory.
[info] 
[info] +  Wrote public/404.html 
[debug] [2023-04-01T06:39:27.016Z] >>> [apiv2][query] GET https://www.gstatic.com/firebasejs/releases.json [none]
[debug] [2023-04-01T06:39:27.238Z] <<< [apiv2][status] GET https://www.gstatic.com/firebasejs/releases.json 200
[debug] [2023-04-01T06:39:27.239Z] <<< [apiv2][body] GET https://www.gstatic.com/firebasejs/releases.json {"current":{"version":"9.19.1","browserURL":"https://www.gstatic.com/firebasejs/9.19.1/firebase.js","packageURL":"https://www.gstatic.com/firebasejs/9.19.1/firebase.tgz"},"live":{"version":"9.19","browserURL":"https://www.gstatic.com/firebasejs/live/9.19/firebase.js","packageURL":"https://www.gstatic.com/firebasejs/live/9.19/firebase.tgz"},"components":{"analytics":"https://www.gstatic.com/firebasejs/9.19.1/firebase-analytics.js","app":"https://www.gstatic.com/firebasejs/9.19.1/firebase-app.js","app-check":"https://www.gstatic.com/firebasejs/9.19.1/firebase-app-check.js","auth":"https://www.gstatic.com/firebasejs/9.19.1/firebase-auth.js","auth/cordova":"https://www.gstatic.com/firebasejs/9.19.1/firebase-auth/cordova.js","auth/react-native":"https://www.gstatic.com/firebasejs/9.19.1/firebase-auth/react-native.js","functions":"https://www.gstatic.com/firebasejs/9.19.1/firebase-functions.js","firestore":"https://www.gstatic.com/firebasejs/9.19.1/firebase-firestore.js","firestore/lite":"https://www.gstatic.com/firebasejs/9.19.1/firebase-firestore/lite.js","installations":"https://www.gstatic.com/firebasejs/9.19.1/firebase-installations.js","storage":"https://www.gstatic.com/firebasejs/9.19.1/firebase-storage.js","performance":"https://www.gstatic.com/firebasejs/9.19.1/firebase-performance.js","remote-config":"https://www.gstatic.com/firebasejs/9.19.1/firebase-remote-config.js","messaging":"https://www.gstatic.com/firebasejs/9.19.1/firebase-messaging.js","messaging/sw":"https://www.gstatic.com/firebasejs/9.19.1/firebase-messaging/sw.js","database":"https://www.gstatic.com/firebasejs/9.19.1/firebase-database.js","firestore.memory":"https://www.gstatic.com/firebasejs/9.19.1/firebase-firestore.memory.js"}}
[info] i  Skipping write of public/index.html 
[info] 
[info] i  Detected a .git folder at D:\Serious Programming\ReactJs\pedro_tech_project\my-app 
[info] i  Authorizing with GitHub to upload your service account to a GitHub repository's secrets store. 
[info] 
[info] Visit this URL on this device to log in:
[info] https://github.com/login/oauth/authorize?client_id=89cf50f02ac6aaed3484&state=126920026&redirect_uri=http%3A%2F%2Flocalhost%3A9005&scope=read%3Auser%20repo%20public_repo
[info] 
[info] Waiting for authentication...
[debug] [2023-04-01T06:40:03.473Z] >>> [apiv2][query] POST https://github.com/login/oauth/access_token [none]
[debug] [2023-04-01T06:40:03.473Z] >>> [apiv2][body] POST https://github.com/login/oauth/access_token [stream]
[debug] [2023-04-01T06:40:04.039Z] <<< [apiv2][status] POST https://github.com/login/oauth/access_token 200
[debug] [2023-04-01T06:40:04.040Z] <<< [apiv2][body] POST https://github.com/login/oauth/access_token {"access_token":"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","token_type":"bearer","scope":"read:user,repo"}
[debug] [2023-04-01T06:40:04.103Z] >>> [apiv2][query] GET https://api.github.com/user [none]
[debug] [2023-04-01T06:40:04.613Z] <<< [apiv2][status] GET https://api.github.com/user 200
[debug] [2023-04-01T06:40:04.613Z] <<< [apiv2][body] GET https://api.github.com/user {"login":"abhay-tomar03","id":75438874,"node_id":"MDQ6VXNlcjc1NDM4ODc0","avatar_url":"https://avatars.githubusercontent.com/u/75438874?v=4","gravatar_id":"","url":"https://api.github.com/users/abhay-tomar03","html_url":"https://github.com/abhay-tomar03","followers_url":"https://api.github.com/users/abhay-tomar03/followers","following_url":"https://api.github.com/users/abhay-tomar03/following{/other_user}","gists_url":"https://api.github.com/users/abhay-tomar03/gists{/gist_id}","starred_url":"https://api.github.com/users/abhay-tomar03/starred{/owner}{/repo}","subscriptions_url":"https://api.github.com/users/abhay-tomar03/subscriptions","organizations_url":"https://api.github.com/users/abhay-tomar03/orgs","repos_url":"https://api.github.com/users/abhay-tomar03/repos","events_url":"https://api.github.com/users/abhay-tomar03/events{/privacy}","received_events_url":"https://api.github.com/users/abhay-tomar03/received_events","type":"User","site_admin":false,"name":"Abhay Tomar","company":null,"blog":"","location":"Bareilly,Uttarpradesh,India","email":null,"hireable":null,"bio":"I am currently persuing my Btech in ECE from IET,Lucknow .\r\n\r\napart from it i am learning full-stack web development","twitter_username":null,"public_repos":26,"public_gists":0,"followers":5,"following":2,"created_at":"2020-12-03T15:46:42Z","updated_at":"2023-02-13T04:26:24Z","private_gists":0,"total_private_repos":2,"owned_private_repos":2,"disk_usage":29708,"collaborators":0,"two_factor_authentication":false,"plan":{"name":"free","space":976562499,"collaborators":0,"private_repos":10000}}
[info] 
[info] +  Success! Logged into GitHub as abhay-tomar03 
[info] 
